Content-Type: text/plain; charset="utf-8"
MIME-Version: 1.0
Content-Transfer-Encoding: 8bit
Subject: Bitte aktivieren Sie Ihren Account
From: webmaster@localhost
To: cooler@name.de
Date: Wed, 06 Aug 2025 11:10:54 -0000
Message-ID: <175447865479.296.15064759049909157175@franek-ThinkPad-T480>

<!-- activation_email.html -->
<!DOCTYPE html>
<html>
<body>
  <h2>Aktivierung Ihres Accounts</h2>
  <p>Hallo coolername,</p>
  <p>Klicken Sie zur Aktivierung:</p>
  <a href="http://localhost:8000/register/activate/BXCTPRqNzUb2TAkVHNBaTdZwnGKkAJYWeY6ixPun/" 
     style="background: #2563eb; color: white; padding: 10px 20px; text-decoration: none;">
     Account aktivieren
  </a>
  <p>Der Link ist 24 Stunden gültig.</p>
  <hr>
  <p>Falls der Button nicht funktioniert, kopieren Sie:<br>
  http://localhost:8000/register/activate/BXCTPRqNzUb2TAkVHNBaTdZwnGKkAJYWeY6ixPun/</p>
</body>
</html>
-------------------------------------------------------------------------------
