Content-Type: text/plain; charset="utf-8"
MIME-Version: 1.0
Content-Transfer-Encoding: 8bit
Subject: Bitte aktivieren Sie Ihren Account
From: webmaster@localhost
To: franz.winter02@web.de
Date: Mon, 28 Jul 2025 10:22:29 -0000
Message-ID: <175369814992.1558.2561754259724947000@franek-ThinkPad-T480>

<!-- activation_email.html -->
<!DOCTYPE html>
<html>
<body>
  <h2>Aktivierung Ihres Accounts</h2>
  <p>Hallo franek,</p>
  <p>Klicken Sie zur Aktivierung:</p>
  <a href="http://localhost:8000/register/activate/lTuU6hEamrBkSEXNTEbTGxlVWWUu1kO4ohFbdzy8/" 
     style="background: #2563eb; color: white; padding: 10px 20px; text-decoration: none;">
     Account aktivieren
  </a>
  <p>Der Link ist 24 Stunden gültig.</p>
  <hr>
  <p>Falls der Button nicht funktioniert, kopieren Sie:<br>
  http://localhost:8000/register/activate/lTuU6hEamrBkSEXNTEbTGxlVWWUu1kO4ohFbdzy8/</p>
</body>
</html>
-------------------------------------------------------------------------------
